

2023-03-10 18:46:56,560 INFO: Retrieving latest climate jobs [in services.py: 88]
2023-03-10 18:46:58,932 INFO: Deleting old climate job records [in services.py: 91]
2023-03-10 18:46:58,944 INFO: Inserting new climate job records [in services.py: 94]
2023-03-10 18:46:59,012 INFO: Insertion of new job records complete [in services.py: 107]
2023-03-10 18:47:54,182 INFO: fetching sectors [in services.py: 50]
2023-03-10 18:47:56,542 INFO: Retrieving latest climate jobs [in services.py: 88]
2023-03-10 18:47:59,174 INFO: Deleting old climate job records [in services.py: 91]
2023-03-10 18:47:59,192 INFO: Inserting new climate job records [in services.py: 94]
2023-03-10 18:47:59,270 INFO: Insertion of new job records complete [in services.py: 107]
2023-03-10 18:48:04,798 INFO: fetching sectors [in services.py: 50]
2023-03-10 18:48:13,180 INFO: fetching sectors [in services.py: 50]
2023-03-10 18:48:14,262 INFO: fetching sectors [in services.py: 50]
2023-03-10 18:48:19,584 INFO: fetching sectors [in services.py: 50]
2023-03-10 18:48:28,372 INFO: fetching sectors [in services.py: 50]
2023-03-10 18:48:31,476 INFO: fetching sectors [in services.py: 50]
2023-03-10 18:48:32,408 INFO: fetching sectors [in services.py: 50]
2023-03-10 18:48:43,755 INFO: fetching sectors [in services.py: 50]
2023-03-10 18:48:52,485 INFO: fetching sectors [in services.py: 50]
2023-03-10 18:49:10,407 INFO: Retrieving latest climate jobs [in services.py: 88]
2023-03-10 18:49:13,128 INFO: Deleting old climate job records [in services.py: 91]
2023-03-10 18:49:13,141 INFO: Inserting new climate job records [in services.py: 94]
2023-03-10 18:49:13,211 INFO: Insertion of new job records complete [in services.py: 107]
2023-03-10 18:49:19,274 INFO: fetching sectors [in services.py: 50]
2023-03-10 18:50:10,411 INFO: Retrieving latest climate jobs [in services.py: 88]
2023-03-10 18:50:12,963 INFO: Deleting old climate job records [in services.py: 91]
2023-03-10 18:50:12,980 INFO: Inserting new climate job records [in services.py: 94]
2023-03-10 18:50:13,055 INFO: Insertion of new job records complete [in services.py: 107]
2023-03-10 18:51:41,466 INFO: fetching sectors [in services.py: 50]
2023-03-10 18:52:38,281 INFO: fetching sectors [in services.py: 50]
2023-03-11 08:33:07,812 INFO: fetching sectors [in services.py: 50]
2023-03-11 08:33:46,077 INFO: fetching sectors [in services.py: 50]
2023-03-11 08:33:55,356 INFO: fetching sectors [in services.py: 50]
2023-03-11 08:39:08,805 INFO: fetching sectors [in services.py: 50]
2023-03-11 08:39:42,871 INFO: fetching sectors [in services.py: 50]
2023-03-11 08:41:22,406 INFO: fetching sectors [in services.py: 50]
2023-03-11 08:49:22,707 INFO: fetching sectors [in services.py: 50]
2023-03-11 08:49:30,979 INFO: Retrieving latest climate jobs [in services.py: 88]
2023-03-11 08:49:37,124 INFO: Deleting old climate job records [in services.py: 91]
2023-03-11 08:49:37,140 INFO: Inserting new climate job records [in services.py: 94]
2023-03-11 08:49:37,224 INFO: Insertion of new job records complete [in services.py: 107]
2023-03-11 08:56:45,387 INFO: fetching sectors [in services.py: 50]
2023-03-11 08:57:17,166 INFO: fetching sectors [in services.py: 50]
2023-03-11 08:57:49,918 INFO: fetching sectors [in services.py: 50]
2023-03-11 08:59:35,469 INFO: fetching sectors [in services.py: 50]
2023-03-11 09:00:03,650 INFO: fetching sectors [in services.py: 50]
2023-03-11 09:01:48,145 INFO: fetching sectors [in services.py: 50]
2023-03-11 09:02:46,327 INFO: fetching sectors [in services.py: 50]
2023-03-11 09:03:16,820 INFO: fetching sectors [in services.py: 50]
2023-03-11 09:03:25,436 INFO: fetching sectors [in services.py: 50]
2023-03-11 09:07:30,542 INFO: fetching sectors [in services.py: 50]
2023-03-11 09:07:33,561 INFO: fetching sectors [in services.py: 50]
2023-03-29 18:39:58,557 INFO: fetching sectors [in services.py: 50]
2023-03-29 18:40:03,641 INFO: fetching sectors [in services.py: 50]
2023-03-29 18:42:36,802 INFO: fetching sectors [in services.py: 50]
